<?xml version="1.0" encoding="UTF-8"?>
<testng-results ignored="0" total="1" passed="1" failed="0" skipped="0">
  <reporter-output>
  </reporter-output>
  <suite started-at="2021-10-07T16:17:43 EDT" name="Default suite" finished-at="2021-10-07T16:18:31 EDT" duration-ms="47941">
    <groups>
    </groups>
    <test started-at="2021-10-07T16:17:43 EDT" name="Default test" finished-at="2021-10-07T16:18:31 EDT" duration-ms="47941">
      <class name="pageFactoryWithoutAnnotations.LoginWithoutFindBy">
        <test-method signature="Login()[pri:0, instance:pageFactoryWithoutAnnotations.LoginWithoutFindBy@47542153]" started-at="2021-10-07T16:17:43 EDT" name="Login" finished-at="2021-10-07T16:18:31 EDT" duration-ms="47860" status="PASS">
          <reporter-output>
          </reporter-output>
        </test-method> <!-- Login -->
      </class> <!-- pageFactoryWithoutAnnotations.LoginWithoutFindBy -->
    </test> <!-- Default test -->
  </suite> <!-- Default suite -->
</testng-results>
